  GameMgr.cpp
D:\VaccineWar\Space\GameMgr.cpp(49,15): warning C4244: '=': 'float'에서 'int'(으)로 변환하면서 데이터가 손실될 수 있습니다.
D:\VaccineWar\Space\GameMgr.cpp(156,13): warning C4244: '=': 'int'에서 'float'(으)로 변환하면서 데이터가 손실될 수 있습니다.
D:\VaccineWar\Space\GameMgr.cpp(296,9): warning C4244: '=': 'double'에서 'float'(으)로 변환하면서 데이터가 손실될 수 있습니다.
D:\VaccineWar\Space\GameMgr.cpp(312,9): warning C4244: '=': 'double'에서 'float'(으)로 변환하면서 데이터가 손실될 수 있습니다.
D:\VaccineWar\Space\GameMgr.cpp(328,9): warning C4244: '=': 'double'에서 'float'(으)로 변환하면서 데이터가 손실될 수 있습니다.
D:\VaccineWar\Space\GameMgr.cpp(346,65): warning C4244: '인수': 'int'에서 'FLOAT'(으)로 변환하면서 데이터가 손실될 수 있습니다.
D:\VaccineWar\Space\GameMgr.cpp(347,61): warning C4244: '인수': 'int'에서 'FLOAT'(으)로 변환하면서 데이터가 손실될 수 있습니다.
D:\VaccineWar\Space\GameMgr.cpp(348,61): warning C4244: '인수': 'int'에서 'FLOAT'(으)로 변환하면서 데이터가 손실될 수 있습니다.
D:\VaccineWar\Space\GameMgr.cpp(351,65): warning C4244: '인수': 'int'에서 'FLOAT'(으)로 변환하면서 데이터가 손실될 수 있습니다.
D:\VaccineWar\Space\GameMgr.cpp(352,65): warning C4244: '인수': 'int'에서 'FLOAT'(으)로 변환하면서 데이터가 손실될 수 있습니다.
D:\VaccineWar\Space\GameMgr.cpp(353,61): warning C4244: '인수': 'int'에서 'FLOAT'(으)로 변환하면서 데이터가 손실될 수 있습니다.
D:\VaccineWar\Space\GameMgr.cpp(354,61): warning C4244: '인수': 'int'에서 'FLOAT'(으)로 변환하면서 데이터가 손실될 수 있습니다.
D:\VaccineWar\Space\GameMgr.cpp(357,60): warning C4244: '인수': 'int'에서 'FLOAT'(으)로 변환하면서 데이터가 손실될 수 있습니다.
D:\VaccineWar\Space\GameMgr.cpp(363,65): warning C4244: '인수': 'int'에서 'FLOAT'(으)로 변환하면서 데이터가 손실될 수 있습니다.
D:\VaccineWar\Space\GameMgr.cpp(364,65): warning C4244: '인수': 'int'에서 'FLOAT'(으)로 변환하면서 데이터가 손실될 수 있습니다.
D:\VaccineWar\Space\GameMgr.cpp(365,61): warning C4244: '인수': 'int'에서 'FLOAT'(으)로 변환하면서 데이터가 손실될 수 있습니다.
D:\VaccineWar\Space\GameMgr.cpp(368,61): warning C4244: '인수': 'int'에서 'FLOAT'(으)로 변환하면서 데이터가 손실될 수 있습니다.
D:\VaccineWar\Space\GameMgr.cpp(369,61): warning C4244: '인수': 'int'에서 'FLOAT'(으)로 변환하면서 데이터가 손실될 수 있습니다.
D:\VaccineWar\Space\GameMgr.cpp(370,61): warning C4244: '인수': 'int'에서 'FLOAT'(으)로 변환하면서 데이터가 손실될 수 있습니다.
D:\VaccineWar\Space\GameMgr.cpp(371,65): warning C4244: '인수': 'int'에서 'FLOAT'(으)로 변환하면서 데이터가 손실될 수 있습니다.
D:\VaccineWar\Space\GameMgr.cpp(379,65): warning C4244: '인수': 'int'에서 'FLOAT'(으)로 변환하면서 데이터가 손실될 수 있습니다.
D:\VaccineWar\Space\GameMgr.cpp(380,65): warning C4244: '인수': 'int'에서 'FLOAT'(으)로 변환하면서 데이터가 손실될 수 있습니다.
D:\VaccineWar\Space\GameMgr.cpp(381,61): warning C4244: '인수': 'int'에서 'FLOAT'(으)로 변환하면서 데이터가 손실될 수 있습니다.
D:\VaccineWar\Space\GameMgr.cpp(382,61): warning C4244: '인수': 'int'에서 'FLOAT'(으)로 변환하면서 데이터가 손실될 수 있습니다.
D:\VaccineWar\Space\GameMgr.cpp(383,61): warning C4244: '인수': 'int'에서 'FLOAT'(으)로 변환하면서 데이터가 손실될 수 있습니다.
D:\VaccineWar\Space\GameMgr.cpp(386,61): warning C4244: '인수': 'int'에서 'FLOAT'(으)로 변환하면서 데이터가 손실될 수 있습니다.
D:\VaccineWar\Space\GameMgr.cpp(387,61): warning C4244: '인수': 'int'에서 'FLOAT'(으)로 변환하면서 데이터가 손실될 수 있습니다.
D:\VaccineWar\Space\GameMgr.cpp(388,61): warning C4244: '인수': 'int'에서 'FLOAT'(으)로 변환하면서 데이터가 손실될 수 있습니다.
D:\VaccineWar\Space\GameMgr.cpp(389,61): warning C4244: '인수': 'int'에서 'FLOAT'(으)로 변환하면서 데이터가 손실될 수 있습니다.
D:\VaccineWar\Space\GameMgr.cpp(398,65): warning C4244: '인수': 'int'에서 'FLOAT'(으)로 변환하면서 데이터가 손실될 수 있습니다.
D:\VaccineWar\Space\GameMgr.cpp(399,61): warning C4244: '인수': 'int'에서 'FLOAT'(으)로 변환하면서 데이터가 손실될 수 있습니다.
D:\VaccineWar\Space\GameMgr.cpp(400,61): warning C4244: '인수': 'int'에서 'FLOAT'(으)로 변환하면서 데이터가 손실될 수 있습니다.
D:\VaccineWar\Space\GameMgr.cpp(401,61): warning C4244: '인수': 'int'에서 'FLOAT'(으)로 변환하면서 데이터가 손실될 수 있습니다.
D:\VaccineWar\Space\GameMgr.cpp(404,65): warning C4244: '인수': 'int'에서 'FLOAT'(으)로 변환하면서 데이터가 손실될 수 있습니다.
D:\VaccineWar\Space\GameMgr.cpp(405,61): warning C4244: '인수': 'int'에서 'FLOAT'(으)로 변환하면서 데이터가 손실될 수 있습니다.
D:\VaccineWar\Space\GameMgr.cpp(406,61): warning C4244: '인수': 'int'에서 'FLOAT'(으)로 변환하면서 데이터가 손실될 수 있습니다.
D:\VaccineWar\Space\GameMgr.cpp(407,61): warning C4244: '인수': 'int'에서 'FLOAT'(으)로 변환하면서 데이터가 손실될 수 있습니다.
D:\VaccineWar\Space\GameMgr.cpp(408,61): warning C4244: '인수': 'int'에서 'FLOAT'(으)로 변환하면서 데이터가 손실될 수 있습니다.
  Stage2Boss.cpp
D:\VaccineWar\Space\Stage2Boss.cpp(84,72): warning C4244: '+=': 'float'에서 'int'(으)로 변환하면서 데이터가 손실될 수 있습니다.
D:\VaccineWar\Space\Stage2Boss.cpp(100,48): warning C4305: '인수': 'int'에서 'bool'(으)로 잘립니다.
  코드를 생성하고 있습니다...
  Space.vcxproj -> D:\VaccineWar\x64\Debug\Space.exe
